<?xml version="1.0" encoding="utf-8"?><testsuites><testsuite errors="0" failures="0" hostname="a01a3bccfd9a" name="pytest" skipped="0" tests="28" time="2.182" timestamp="2020-04-13T23:06:49.531629"><testcase classname="tests.unit.test_api" file="tests/unit/test_api.py" line="42" name="test_search_directors_sort" time="0.121"></testcase><testcase classname="tests.unit.test_api" file="tests/unit/test_api.py" line="52" name="test_search_directors_first_name_exact" time="0.015"></testcase><testcase classname="tests.unit.test_api" file="tests/unit/test_api.py" line="62" name="test_search_directors_addr" time="0.018"></testcase><testcase classname="tests.unit.test_api" file="tests/unit/test_api.py" line="72" name="test_search_directors_any_name" time="0.017"></testcase><testcase classname="tests.unit.test_api" file="tests/unit/test_api.py" line="81" name="test_search_directors_any_postal_code" time="0.030"></testcase><testcase classname="tests.unit.test_api" file="tests/unit/test_api.py" line="98" name="test_search_corporations" time="0.015"></testcase><testcase classname="tests.unit.test_api" file="tests/unit/test_api.py" line="114" name="test_search_corporations_name" time="0.015"></testcase><testcase classname="tests.unit.test_api" file="tests/unit/test_api.py" line="130" name="test_get_director" time="0.032"></testcase><testcase classname="tests.unit.test_api" file="tests/unit/test_api.py" line="160" name="test_get_director_officesheld" time="0.021"></testcase><testcase classname="tests.unit.test_api" file="tests/unit/test_api.py" line="176" name="test_search_directors" time="0.016"></testcase><testcase classname="tests.unit.test_models" file="tests/unit/test_models.py" line="20" name="test_corporation" time="0.006"></testcase><testcase classname="tests.unit.test_models" file="tests/unit/test_models.py" line="32" name="test_corporation_search" time="0.032"></testcase><testcase classname="tests.unit.test_models" file="tests/unit/test_models.py" line="48" name="test_corp_party_search" time="0.016"></testcase><testcase classname="tests.unit.test_models" file="tests/unit/test_models.py" line="68" name="test_corp_party_same_addr" time="0.010"></testcase><testcase classname="tests.unit.test_models" file="tests/unit/test_models.py" line="74" name="test_corp_party_offices" time="0.010"></testcase><testcase classname="tests.unit.test_models" file="tests/unit/test_models.py" line="80" name="test_corp_party_nicknames" time="0.009"></testcase><testcase classname="tests.unit.test_ops" file="tests/unit/test_ops.py" line="20" name="test_ops_healthz_success" time="0.002"></testcase><testcase classname="tests.unit.test_ops" file="tests/unit/test_ops.py" line="28" name="test_ops_healthz_fail" time="0.108"></testcase><testcase classname="tests.unit.test_ops" file="tests/unit/test_ops.py" line="38" name="test_ops_readyz" time="0.007"></testcase><testcase classname="tests.unit.conf.test_configuration" file="tests/unit/conf/test_configuration.py" line="35" name="test_get_named_config[valid-development-DevConfig]" time="0.005"></testcase><testcase classname="tests.unit.conf.test_configuration" file="tests/unit/conf/test_configuration.py" line="35" name="test_get_named_config[valid-testing-TestConfig]" time="0.002"></testcase><testcase classname="tests.unit.conf.test_configuration" file="tests/unit/conf/test_configuration.py" line="35" name="test_get_named_config[valid-default-ProdConfig]" time="0.002"></testcase><testcase classname="tests.unit.conf.test_configuration" file="tests/unit/conf/test_configuration.py" line="35" name="test_get_named_config[valid-staging-ProdConfig]" time="0.001"></testcase><testcase classname="tests.unit.conf.test_configuration" file="tests/unit/conf/test_configuration.py" line="35" name="test_get_named_config[valid-production-ProdConfig]" time="0.001"></testcase><testcase classname="tests.unit.conf.test_configuration" file="tests/unit/conf/test_configuration.py" line="35" name="test_get_named_config[error-None-KeyError]" time="0.001"></testcase><testcase classname="tests.unit.conf.test_configuration" file="tests/unit/conf/test_configuration.py" line="48" name="test_prod_config_secret_key" time="0.004"></testcase><testcase classname="tests.unit.utils.test_logging" file="tests/unit/utils/test_logging.py" line="24" name="test_logging_with_file" time="0.002"></testcase><testcase classname="tests.unit.utils.test_logging" file="tests/unit/utils/test_logging.py" line="34" name="test_logging_with_missing_file" time="0.003"></testcase></testsuite></testsuites>